This file contains any messages produced by compilers while
running configure, to aid debugging if configure makes a mistake.

It was created by configure, which was
generated by GNU Autoconf 2.52.20210509.  Invocation command line was

  $ ./configure --prefix=/home/bengloo/Documents/LE3/rasp/RaspProjet/ncurses/../target_pi --with-shared --host=x86_64-build_unknown-linux-gnu --target=arm-linux-gnueabihf --disable-stripping

## ---------- ##
## Platform.  ##
## ---------- ##

hostname = bengloo-Latitude-E6440
uname -m = x86_64
uname -r = 5.13.0-30-generic
uname -s = Linux
uname -v = #33~20.04.1-Ubuntu SMP Mon Feb 7 14:25:10 UTC 2022

/usr/bin/uname -p = x86_64
/bin/uname -X     = unknown

/bin/arch              = x86_64
/usr/bin/arch -k       = unknown
/usr/convex/getsysinfo = unknown
hostinfo               = unknown
/bin/machine           = unknown
/usr/bin/oslevel       = unknown
/bin/universe          = unknown

PATH = /usr/local/sbin:/usr/local/bin:/usr/sbin:/usr/bin:/sbin:/bin:/usr/games:/usr/local/games:/snap/bin

## ------------ ##
## Core tests.  ##
## ------------ ##

configure:1170: PATH=".;."; conftest.sh
./configure: 1171: conftest.sh: not found
configure:1173: $? = 127
configure:1190: checking for ggrep
configure:1216: result: no
configure:1190: checking for grep
configure:1205: found /usr/bin/grep
configure:1213: result: grep
configure:1224: checking for egrep
configure:1280: result: grep -E
configure:1290: result: Configuring NCURSES 6.3 ABI 6 (Tue Mar  1 23:26:42 CET 2022)
configure:1294: checking for package version
configure:1315: result: 6.3
configure:1318: checking for package patch date
configure:1335: result: 20211021
configure:1346: testing ABI VERSION 5:0:10 ...
configure:1350: testing VERSION_MAJOR 6 ...
configure:1354: testing VERSION_MINOR 3 ...
configure:1358: testing VERSION_PATCH 20211021 ...
configure:1500: checking build system type
configure:1518: result: x86_64-pc-linux-gnu
configure:1525: checking host system type
configure:1539: result: x86_64-build_unknown-linux-gnu
configure:1547: checking target system type
configure:1561: result: arm-unknown-linux-gnueabihf
configure:1593: result: Configuring for linux-gnu
configure:1618: checking for fgrep
configure:1674: result: grep -F
configure:1678: checking for prefix
configure:1690: result: /home/bengloo/Documents/LE3/rasp/RaspProjet/ncurses/../target_pi
configure:1780: checking for x86_64-build_unknown-linux-gnu-gnatgcc
configure:1803: result: /home/bengloo/Documents/LE3/rasp/RaspProjet/ncurses/../../../tools-master/arm-bcm2708/gcc-linaro-arm-linux-gnueabihf-raspbian-x64/bin/arm-linux-gnueabihf-gcc
configure:1860: checking for C compiler version
configure:1863: /home/bengloo/Documents/LE3/rasp/RaspProjet/ncurses/../../../tools-master/arm-bcm2708/gcc-linaro-arm-linux-gnueabihf-raspbian-x64/bin/arm-linux-gnueabihf-gcc --version </dev/null >&5
./configure: 1: eval: /home/bengloo/Documents/LE3/rasp/RaspProjet/ncurses/../../../tools-master/arm-bcm2708/gcc-linaro-arm-linux-gnueabihf-raspbian-x64/bin/arm-linux-gnueabihf-gcc: not found
configure:1866: $? = 127
configure:1868: /home/bengloo/Documents/LE3/rasp/RaspProjet/ncurses/../../../tools-master/arm-bcm2708/gcc-linaro-arm-linux-gnueabihf-raspbian-x64/bin/arm-linux-gnueabihf-gcc -v </dev/null >&5
./configure: 1: eval: /home/bengloo/Documents/LE3/rasp/RaspProjet/ncurses/../../../tools-master/arm-bcm2708/gcc-linaro-arm-linux-gnueabihf-raspbian-x64/bin/arm-linux-gnueabihf-gcc: not found
configure:1871: $? = 127
configure:1873: /home/bengloo/Documents/LE3/rasp/RaspProjet/ncurses/../../../tools-master/arm-bcm2708/gcc-linaro-arm-linux-gnueabihf-raspbian-x64/bin/arm-linux-gnueabihf-gcc -V </dev/null >&5
./configure: 1: eval: /home/bengloo/Documents/LE3/rasp/RaspProjet/ncurses/../../../tools-master/arm-bcm2708/gcc-linaro-arm-linux-gnueabihf-raspbian-x64/bin/arm-linux-gnueabihf-gcc: not found
configure:1876: $? = 127
configure:1896: checking for C compiler default output
configure:1899: /home/bengloo/Documents/LE3/rasp/RaspProjet/ncurses/../../../tools-master/arm-bcm2708/gcc-linaro-arm-linux-gnueabihf-raspbian-x64/bin/arm-linux-gnueabihf-gcc    conftest.c  >&5
./configure: 1: eval: /home/bengloo/Documents/LE3/rasp/RaspProjet/ncurses/../../../tools-master/arm-bcm2708/gcc-linaro-arm-linux-gnueabihf-raspbian-x64/bin/arm-linux-gnueabihf-gcc: not found
configure:1902: $? = 127
configure: failed program was:
#line 1880 "configure"
#include "confdefs.h"

int
main (void)
{

  ;
  return 0;
}
configure:1925: error: C compiler cannot create executables

## ----------------- ##
## Cache variables.  ##
## ----------------- ##

ac_cv_build='x86_64-pc-linux-gnu'
ac_cv_build_alias='x86_64-pc-linux-gnu'
ac_cv_env_CC_set='set'
ac_cv_env_CC_value='/home/bengloo/Documents/LE3/rasp/RaspProjet/ncurses/../../../tools-master/arm-bcm2708/gcc-linaro-arm-linux-gnueabihf-raspbian-x64/bin/arm-linux-gnueabihf-gcc'
ac_cv_env_CFLAGS_set=''
ac_cv_env_CFLAGS_value=''
ac_cv_env_CPPFLAGS_set=''
ac_cv_env_CPPFLAGS_value=''
ac_cv_env_CPP_set=''
ac_cv_env_CPP_value=''
ac_cv_env_CXXCPP_set=''
ac_cv_env_CXXCPP_value=''
ac_cv_env_CXXFLAGS_set=''
ac_cv_env_CXXFLAGS_value=''
ac_cv_env_CXX_set='set'
ac_cv_env_CXX_value='/home/bengloo/Documents/LE3/rasp/RaspProjet/ncurses/../../../tools-master/arm-bcm2708/gcc-linaro-arm-linux-gnueabihf-raspbian-x64/bin/arm-linux-gnueabihf-g++'
ac_cv_env_LDFLAGS_set=''
ac_cv_env_LDFLAGS_value=''
ac_cv_env_build_alias_set=''
ac_cv_env_build_alias_value=''
ac_cv_env_host_alias_set='set'
ac_cv_env_host_alias_value='x86_64-build_unknown-linux-gnu'
ac_cv_env_target_alias_set='set'
ac_cv_env_target_alias_value='arm-linux-gnueabihf'
ac_cv_host='x86_64-build_unknown-linux-gnu'
ac_cv_host_alias='x86_64-build_unknown-linux-gnu'
ac_cv_path_EGREP='grep -E'
ac_cv_path_FGREP='grep -F'
ac_cv_prog_CC='/home/bengloo/Documents/LE3/rasp/RaspProjet/ncurses/../../../tools-master/arm-bcm2708/gcc-linaro-arm-linux-gnueabihf-raspbian-x64/bin/arm-linux-gnueabihf-gcc'
ac_cv_prog_GREP='grep'
ac_cv_target='arm-unknown-linux-gnueabihf'
ac_cv_target_alias='arm-linux-gnueabihf'
cf_cv_abi_version='6'
cf_cv_rel_version='6.3'
cf_cv_system_name='linux-gnu'
cf_cv_timestamp='Tue Mar  1 23:26:42 CET 2022'

## ------------ ##
## confdefs.h.  ##
## ------------ ##

#define PACKAGE "ncurses"
#define NCURSES_VERSION "6.3"
#define NCURSES_PATCHDATE 20211021
#define SYSTEM_NAME "linux-gnu"


configure: exit 77
